1482062131847	geckodriver	INFO	Listening on 127.0.0.1:11186
1482062133233	mozprofile::profile	INFO	Using profile path C:\Users\ADMINI~1\AppData\Local\Temp\rust_mozprofile.01FHfvKBTVag
1482062133239	geckodriver::marionette	INFO	Starting browser C:\Program Files (x86)\Mozilla Firefox\firefox.exe
1482062133268	geckodriver::marionette	INFO	Connecting to Marionette on localhost:11198
1482062140077	Marionette	INFO	Listening on port 11198
[Child 4940] WARNING: pipe error: 109: file c:/builds/moz2_slave/m-rel-w32-00000000000000000000/build/src/ipc/chromium/src/chrome/common/ipc_channel_win.cc, line 346
ile.A6gby3lfjtn6
1482062338282	geckodriver::marionette	INFO	Starting browser C:\Program Files (x86)\Mozilla Firefox\firefox.exe
1482062338289	geckodriver::marionette	INFO	Connecting to Marionette on localhost:11583
1482062341017	Marionette	INFO	Listening on port 11583
[Child 27008] WARNING: pipe error: 109: file c:/builds/moz2_slave/m-rel-w32-00000000000000000000/build/src/ipc/chromium/src/chrome/common/ipc_channel_win.cc, line 346
1482062736902	geckodriver	INFO	Listening on 127.0.0.1:12263
1482062738477	mozprofile::profile	INFO	Using profile path C:\Users\ADMINI~1\AppData\Local\Temp\rust_mozprofile.FwFoQN0SObOm
1482062738623	geckodriver::marionette	INFO	Starting browser C:\Program Files (x86)\Mozilla Firefox\firefox.exe
1482062738628	geckodriver::marionette	INFO	Connecting to Marionette on localhost:12271
1482062742277	Marionette	INFO	Listening on port 12271
1482065858687	geckodriver	INFO	Listening on 127.0.0.1:14750
1482065860468	mozprofile::profile	INFO	Using profile path C:\Users\ADMINI~1\AppData\Local\Temp\rust_mozprofile.YuO0Aq4YUisP
1482065860470	geckodriver::marionette	INFO	Starting browser C:\Program Files (x86)\Mozilla Firefox\firefox.exe
1482065860476	geckodriver::marionette	INFO	Connecting to Marionette on localhost:14777
1482065863268	Marionette	INFO	Listening on port 14777
1482070048389	geckodriver	INFO	Listening on 127.0.0.1:13190
1482070049843	mozprofile::profile	INFO	Using profile path C:\Users\ADMINI~1\AppData\Local\Temp\rust_mozprofile.nku3SDvbiYOK
1482070049846	geckodriver::marionette	INFO	Starting browser C:\Program Files (x86)\Mozilla Firefox\firefox.exe
1482070049879	geckodriver::marionette	INFO	Connecting to Marionette on localhost:13239
1482070055909	Marionette	INFO	Listening on port 13239
1482070584425	geckodriver	INFO	Listening on 127.0.0.1:4614
1482070586170	mozprofile::profile	INFO	Using profile path C:\Users\ADMINI~1\AppData\Local\Temp\rust_mozprofile.R5TXa9ni2BTN
1482070586174	geckodriver::marionette	INFO	Starting browser C:\Program Files (x86)\Mozilla Firefox\firefox.exe
1482070586189	geckodriver::marionette	INFO	Connecting to Marionette on localhost:4644
1482070588961	Marionette	INFO	Listening on port 4644
[Child 35128] ###!!! ABORT: Aborting on channel error.: file c:/builds/moz2_slave/m-rel-w32-00000000000000000000/build/src/ipc/glue/MessageChannel.cpp, line 2056
1482071416892	geckodriver	INFO	Listening on 127.0.0.1:13275
1482071418885	mozprofile::profile	INFO	Using profile path C:\Users\ADMINI~1\AppData\Local\Temp\rust_mozprofile.XP9AxpjYPgSc
1482071418888	geckodriver::marionette	INFO	Starting browser C:\Program Files (x86)\Mozilla Firefox\firefox.exe
1482071418894	geckodriver::marionette	INFO	Connecting to Marionette on localhost:13300
1482071421615	Marionette	INFO	Listening on port 13300
[Child 2888] ###!!! ABORT: Aborting on channel error.: file c:/builds/moz2_slave/m-rel-w32-00000000000000000000/build/src/ipc/glue/MessageChannel.cpp, line 2056
1482071873924	geckodriver	INFO	Listening on 127.0.0.1:3887
1482071875643	mozprofile::profile	INFO	Using profile path C:\Users\ADMINI~1\AppData\Local\Temp\rust_mozprofile.5X2epFLHKIqa
1482071875645	geckodriver::marionette	INFO	Starting browser C:\Program Files (x86)\Mozilla Firefox\firefox.exe
1482071875651	geckodriver::marionette	INFO	Connecting to Marionette on localhost:3913
1482071879028	Marionette	INFO	Listening on port 3913
[Child 7404] ###!!! ABORT: Aborting on channel error.: file c:/builds/moz2_slave/m-rel-w32-00000000000000000000/build/src/ipc/glue/MessageChannel.cpp, line 2056
1482071892058	geckodriver	INFO	Listening on 127.0.0.1:4084
1482071894049	mozprofile::profile	INFO	Using profile path C:\Users\ADMINI~1\AppData\Local\Temp\rust_mozprofile.jc5sRYyZZkzg
1482071894051	geckodriver::marionette	INFO	Starting browser C:\Program Files (x86)\Mozilla Firefox\firefox.exe
1482071894058	geckodriver::marionette	INFO	Connecting to Marionette on localhost:4126
1482071895563	Marionette	INFO	Listening on port 4126
[Child 17380] ###!!! ABORT: Aborting on channel error.: file c:/builds/moz2_slave/m-rel-w32-00000000000000000000/build/src/ipc/glue/MessageChannel.cpp, line 2056
1482110882621	geckodriver	INFO	Listening on 127.0.0.1:2464
1482110884430	mozprofile::profile	INFO	Using profile path C:\Users\ADMINI~1\AppData\Local\Temp\rust_mozprofile.eOP67toAgTG6
1482110884433	geckodriver::marionette	INFO	Starting browser C:\Program Files (x86)\Mozilla Firefox\firefox.exe
1482110884455	geckodriver::marionette	INFO	Connecting to Marionette on localhost:2485
1482110894859	Marionette	INFO	Listening on port 2485
[Child 22948] ###!!! ABORT: Aborting on channel error.: file c:/builds/moz2_slave/m-rel-w32-00000000000000000000/build/src/ipc/glue/MessageChannel.cpp, line 2056
1482113879118	geckodriver	INFO	Listening on 127.0.0.1:2919
1482113880477	mozprofile::profile	INFO	Using profile path C:\Users\ADMINI~1\AppData\Local\Temp\rust_mozprofile.Hfr084KzsRsm
1482113880481	geckodriver::marionette	INFO	Starting browser C:\Program Files (x86)\Mozilla Firefox\firefox.exe
1482113880534	geckodriver::marionette	INFO	Connecting to Marionette on localhost:2944
1482113888539	Marionette	INFO	Listening on port 2944
[Child 5008] ###!!! ABORT: Aborting on channel error.: file c:/builds/moz2_slave/m-rel-w32-00000000000000000000/build/src/ipc/glue/MessageChannel.cpp, line 2056
1482114269689	geckodriver	INFO	Listening on 127.0.0.1:6527
1482114271433	mozprofile::profile	INFO	Using profile path C:\Users\ADMINI~1\AppData\Local\Temp\rust_mozprofile.Z3kkBbsqrR6W
1482114271438	geckodriver::marionette	INFO	Starting browser C:\Program Files (x86)\Mozilla Firefox\firefox.exe
1482114271466	geckodriver::marionette	INFO	Connecting to Marionette on localhost:6548
1482114275923	Marionette	INFO	Listening on port 6548
[Child 3164] ###!!! ABORT: Aborting on channel error.: file c:/builds/moz2_slave/m-rel-w32-00000000000000000000/build/src/ipc/glue/MessageChannel.cpp, line 2056
1482117519095	geckodriver	INFO	Listening on 127.0.0.1:9230
1482117520958	mozprofile::profile	INFO	Using profile path C:\Users\ADMINI~1\AppData\Local\Temp\rust_mozprofile.76AolWwwZiK4
1482117520960	geckodriver::marionette	INFO	Starting browser C:\Program Files (x86)\Mozilla Firefox\firefox.exe
1482117521010	geckodriver::marionette	INFO	Connecting to Marionette on localhost:9264
1482117529389	Marionette	INFO	Listening on port 9264
[Child 17948] ###!!! ABORT: Aborting on channel error.: file c:/builds/moz2_slave/m-rel-w32-00000000000000000000/build/src/ipc/glue/MessageChannel.cpp, line 2056
1482117595192	geckodriver	INFO	Listening on 127.0.0.1:9965
1482117597187	mozprofile::profile	INFO	Using profile path C:\Users\ADMINI~1\AppData\Local\Temp\rust_mozprofile.ExPEx1rq7O1B
1482117597190	geckodriver::marionette	INFO	Starting browser C:\Program Files (x86)\Mozilla Firefox\firefox.exe
1482117597202	geckodriver::marionette	INFO	Connecting to Marionette on localhost:9995
1482117600952	Marionette	INFO	Listening on port 9995
[Child 26068] ###!!! ABORT: Aborting on channel error.: file c:/builds/moz2_slave/m-rel-w32-00000000000000000000/build/src/ipc/glue/MessageChannel.cpp, line 2056
1482117788194	geckodriver	INFO	Listening on 127.0.0.1:11814
1482117790071	mozprofile::profile	INFO	Using profile path C:\Users\ADMINI~1\AppData\Local\Temp\rust_mozprofile.2zX4DlAmdTyI
1482117790074	geckodriver::marionette	INFO	Starting browser C:\Program Files (x86)\Mozilla Firefox\firefox.exe
1482117790086	geckodriver::marionette	INFO	Connecting to Marionette on localhost:11843
1482117794881	Marionette	INFO	Listening on port 11843
[Child 13580] ###!!! ABORT: Aborting on channel error.: file c:/builds/moz2_slave/m-rel-w32-00000000000000000000/build/src/ipc/glue/MessageChannel.cpp, line 2056
1482117834668	geckodriver	INFO	Listening on 127.0.0.1:12263
1482117836662	mozprofile::profile	INFO	Using profile path C:\Users\ADMINI~1\AppData\Local\Temp\rust_mozprofile.qS1n2yTVpxkC
1482117836666	geckodriver::marionette	INFO	Starting browser C:\Program Files (x86)\Mozilla Firefox\firefox.exe
1482117836682	geckodriver::marionette	INFO	Connecting to Marionette on localhost:12287
1482117841081	Marionette	INFO	Listening on port 12287
JavaScript error: resource://gre/modules/commonjs/toolkit/loader.js -> resource://devtools/client/inspector/breadcrumbs.js, line 486: TypeError: this.handleMouseLeave is not a function
[Child 31020] WARNING: pipe error: 109: file c:/builds/moz2_slave/m-rel-w32-00000000000000000000/build/src/ipc/chromium/src/chrome/common/ipc_channel_win.cc, line 346
1482118040456	geckodriver	INFO	Listening on 127.0.0.1:14253
1482118042421	mozprofile::profile	INFO	Using profile path C:\Users\ADMINI~1\AppData\Local\Temp\rust_mozprofile.CP2N9EIpLbme
1482118042423	geckodriver::marionette	INFO	Starting browser C:\Program Files (x86)\Mozilla Firefox\firefox.exe
1482118042435	geckodriver::marionette	INFO	Connecting to Marionette on localhost:14280
1482118046425	Marionette	INFO	Listening on port 14280
[Child 35268] ###!!! ABORT: Aborting on channel error.: file c:/builds/moz2_slave/m-rel-w32-00000000000000000000/build/src/ipc/glue/MessageChannel.cpp, line 2056
1482118101257	geckodriver	INFO	Listening on 127.0.0.1:14837
1482118103259	mozprofile::profile	INFO	Using profile path C:\Users\ADMINI~1\AppData\Local\Temp\rust_mozprofile.bW83VmzJAbDu
1482118103264	geckodriver::marionette	INFO	Starting browser C:\Program Files (x86)\Mozilla Firefox\firefox.exe
1482118103275	geckodriver::marionette	INFO	Connecting to Marionette on localhost:14866
1482118106946	Marionette	INFO	Listening on port 14866
[Child 15264] ###!!! ABORT: Aborting on channel error.: file c:/builds/moz2_slave/m-rel-w32-00000000000000000000/build/src/ipc/glue/MessageChannel.cpp, line 2056
1482127412459	geckodriver	INFO	Listening on 127.0.0.1:7011
1482127414151	mozprofile::profile	INFO	Using profile path C:\Users\ADMINI~1\AppData\Local\Temp\rust_mozprofile.knlfy2PrHvTu
1482127414153	geckodriver::marionette	INFO	Starting browser C:\Program Files (x86)\Mozilla Firefox\firefox.exe
1482127414172	geckodriver::marionette	INFO	Connecting to Marionette on localhost:7036
1482127420133	Marionette	INFO	Listening on port 7036
[Child 12688] ###!!! ABORT: Aborting on channel error.: file c:/builds/moz2_slave/m-rel-w32-00000000000000000000/build/src/ipc/glue/MessageChannel.cpp, line 2056
1482127459425	geckodriver	INFO	Listening on 127.0.0.1:7482
1482127461425	mozprofile::profile	INFO	Using profile path C:\Users\ADMINI~1\AppData\Local\Temp\rust_mozprofile.iLCencfqKuhH
1482127461428	geckodriver::marionette	INFO	Starting browser C:\Program Files (x86)\Mozilla Firefox\firefox.exe
1482127461436	geckodriver::marionette	INFO	Connecting to Marionette on localhost:7505
1482127464899	Marionette	INFO	Listening on port 7505
[Child 372] ###!!! ABORT: Aborting on channel error.: file c:/builds/moz2_slave/m-rel-w32-00000000000000000000/build/src/ipc/glue/MessageChannel.cpp, line 2056
1482127610690	geckodriver	INFO	Listening on 127.0.0.1:8953
1482127612618	mozprofile::profile	INFO	Using profile path C:\Users\ADMINI~1\AppData\Local\Temp\rust_mozprofile.4CsJb1VbqxWL
1482127612626	geckodriver::marionette	INFO	Starting browser C:\Program Files (x86)\Mozilla Firefox\firefox.exe
1482127612638	geckodriver::marionette	INFO	Connecting to Marionette on localhost:8976
1482127615600	Marionette	INFO	Listening on port 8976
[Child 23280] ###!!! ABORT: Aborting on channel error.: file c:/builds/moz2_slave/m-rel-w32-00000000000000000000/build/src/ipc/glue/MessageChannel.cpp, line 2056
1482127650945	geckodriver	INFO	Listening on 127.0.0.1:9382
1482127652942	mozprofile::profile	INFO	Using profile path C:\Users\ADMINI~1\AppData\Local\Temp\rust_mozprofile.JtBXKCqNiLHX
1482127652944	geckodriver::marionette	INFO	Starting browser C:\Program Files (x86)\Mozilla Firefox\firefox.exe
1482127652952	geckodriver::marionette	INFO	Connecting to Marionette on localhost:9416
1482127655481	Marionette	INFO	Listening on port 9416
[Child 6656] ###!!! ABORT: Aborting on channel error.: file c:/builds/moz2_slave/m-rel-w32-00000000000000000000/build/src/ipc/glue/MessageChannel.cpp, line 2056
1482128591270	geckodriver	INFO	Listening on 127.0.0.1:4078
1482128593269	mozprofile::profile	INFO	Using profile path C:\Users\ADMINI~1\AppData\Local\Temp\rust_mozprofile.vmg1OyL29ULC
1482128593270	geckodriver::marionette	INFO	Starting browser C:\Program Files (x86)\Mozilla Firefox\firefox.exe
1482128593276	geckodriver::marionette	INFO	Connecting to Marionette on localhost:4104
1482128595759	Marionette	INFO	Listening on port 4104
[Child 34400] ###!!! ABORT: Aborting on channel error.: file c:/builds/moz2_slave/m-rel-w32-00000000000000000000/build/src/ipc/glue/MessageChannel.cpp, line 2056
1482128704530	geckodriver	INFO	Listening on 127.0.0.1:5148
1482128706526	mozprofile::profile	INFO	Using profile path C:\Users\ADMINI~1\AppData\Local\Temp\rust_mozprofile.5QA6matQTaco
1482128706528	geckodriver::marionette	INFO	Starting browser C:\Program Files (x86)\Mozilla Firefox\firefox.exe
1482128706536	geckodriver::marionette	INFO	Connecting to Marionette on localhost:5178
1482128711534	Marionette	INFO	Listening on port 5178
[Child 19820] ###!!! ABORT: Aborting on channel error.: file c:/builds/moz2_slave/m-rel-w32-00000000000000000000/build/src/ipc/glue/MessageChannel.cpp, line 2056
1482145929760	geckodriver	INFO	Listening on 127.0.0.1:12949
1482145931400	mozprofile::profile	INFO	Using profile path C:\Users\ADMINI~1\AppData\Local\Temp\rust_mozprofile.epo101qfSLBx
1482145931403	geckodriver::marionette	INFO	Starting browser C:\Program Files (x86)\Mozilla Firefox\firefox.exe
1482145931447	geckodriver::marionette	INFO	Connecting to Marionette on localhost:12975
1482145938225	Marionette	INFO	Listening on port 12975
[Child 32060] ###!!! ABORT: Aborting on channel error.: file c:/builds/moz2_slave/m-rel-w32-00000000000000000000/build/src/ipc/glue/MessageChannel.cpp, line 2056
1482146977597	geckodriver	INFO	Listening on 127.0.0.1:10228
1482146979605	mozprofile::profile	INFO	Using profile path C:\Users\ADMINI~1\AppData\Local\Temp\rust_mozprofile.5piKDV6PzB5s
1482146979607	geckodriver::marionette	INFO	Starting browser C:\Program Files (x86)\Mozilla Firefox\firefox.exe
1482146979614	geckodriver::marionette	INFO	Connecting to Marionette on localhost:10256
1482146984154	Marionette	INFO	Listening on port 10256
[Child 33968] ###!!! ABORT: Aborting on channel error.: file c:/builds/moz2_slave/m-rel-w32-00000000000000000000/build/src/ipc/glue/MessageChannel.cpp, line 2056
1482147073852	geckodriver	INFO	Listening on 127.0.0.1:11333
1482147075858	mozprofile::profile	INFO	Using profile path C:\Users\ADMINI~1\AppData\Local\Temp\rust_mozprofile.Vjx0jbUW2ojZ
1482147075860	geckodriver::marionette	INFO	Starting browser C:\Program Files (x86)\Mozilla Firefox\firefox.exe
1482147075867	geckodriver::marionette	INFO	Connecting to Marionette on localhost:11355
1482147079153	Marionette	INFO	Listening on port 11355
[Child 24964] ###!!! ABORT: Aborting on channel error.: file c:/builds/moz2_slave/m-rel-w32-00000000000000000000/build/src/ipc/glue/MessageChannel.cpp, line 2056
1482149828169	geckodriver	INFO	Listening on 127.0.0.1:2354
1482149830112	mozprofile::profile	INFO	Using profile path C:\Users\ADMINI~1\AppData\Local\Temp\rust_mozprofile.hPRYOCnyCEgr
1482149830114	geckodriver::marionette	INFO	Starting browser C:\Program Files (x86)\Mozilla Firefox\firefox.exe
1482149830123	geckodriver::marionette	INFO	Connecting to Marionette on localhost:2378
1482149832765	Marionette	INFO	Listening on port 2378
[Child 25140] ###!!! ABORT: Aborting on channel error.: file c:/builds/moz2_slave/m-rel-w32-00000000000000000000/build/src/ipc/glue/MessageChannel.cpp, line 2056
1482150761101	geckodriver	INFO	Listening on 127.0.0.1:13011
1482150763039	mozprofile::profile	INFO	Using profile path C:\Users\ADMINI~1\AppData\Local\Temp\rust_mozprofile.mxhYfFWrcTHa
1482150763041	geckodriver::marionette	INFO	Starting browser C:\Program Files (x86)\Mozilla Firefox\firefox.exe
1482150763053	geckodriver::marionette	INFO	Connecting to Marionette on localhost:13048
1482150766024	Marionette	INFO	Listening on port 13048
[Child 35312] ###!!! ABORT: Aborting on channel error.: file c:/builds/moz2_slave/m-rel-w32-00000000000000000000/build/src/ipc/glue/MessageChannel.cpp, line 2056
1482151231300	geckodriver	INFO	Listening on 127.0.0.1:4990
1482151233257	mozprofile::profile	INFO	Using profile path C:\Users\ADMINI~1\AppData\Local\Temp\rust_mozprofile.Xv9wlqLIT7EN
1482151233259	geckodriver::marionette	INFO	Starting browser C:\Program Files (x86)\Mozilla Firefox\firefox.exe
1482151233266	geckodriver::marionette	INFO	Connecting to Marionette on localhost:5013
1482151235538	Marionette	INFO	Listening on port 5013
[Child 17776] ###!!! ABORT: Aborting on channel error.: file c:/builds/moz2_slave/m-rel-w32-00000000000000000000/build/src/ipc/glue/MessageChannel.cpp, line 2056
1482151314130	geckodriver	INFO	Listening on 127.0.0.1:5892
1482151316198	mozprofile::profile	INFO	Using profile path C:\Users\ADMINI~1\AppData\Local\Temp\rust_mozprofile.a8FZ3dsf7EKW
1482151316200	geckodriver::marionette	INFO	Starting browser C:\Program Files (x86)\Mozilla Firefox\firefox.exe
1482151316207	geckodriver::marionette	INFO	Connecting to Marionette on localhost:5920
1482151318681	Marionette	INFO	Listening on port 5920
[Child 7640] ###!!! ABORT: Aborting on channel error.: file c:/builds/moz2_slave/m-rel-w32-00000000000000000000/build/src/ipc/glue/MessageChannel.cpp, line 2056
1482151371818	geckodriver	INFO	Listening on 127.0.0.1:6688
1482151373813	mozprofile::profile	INFO	Using profile path C:\Users\ADMINI~1\AppData\Local\Temp\rust_mozprofile.MvNMBntTMywP
1482151373815	geckodriver::marionette	INFO	Starting browser C:\Program Files (x86)\Mozilla Firefox\firefox.exe
1482151373822	geckodriver::marionette	INFO	Connecting to Marionette on localhost:6714
1482151377679	Marionette	INFO	Listening on port 6714
[Child 21236] ###!!! ABORT: Aborting on channel error.: file c:/builds/moz2_slave/m-rel-w32-00000000000000000000/build/src/ipc/glue/MessageChannel.cpp, line 2056
1482151448684	geckodriver	INFO	Listening on 127.0.0.1:7590
1482151450680	mozprofile::profile	INFO	Using profile path C:\Users\ADMINI~1\AppData\Local\Temp\rust_mozprofile.8K01dfiqPW20
1482151450683	geckodriver::marionette	INFO	Starting browser C:\Program Files (x86)\Mozilla Firefox\firefox.exe
1482151450693	geckodriver::marionette	INFO	Connecting to Marionette on localhost:7619
1482151452683	Marionette	INFO	Listening on port 7619
[Child 14312] ###!!! ABORT: Aborting on channel error.: file c:/builds/moz2_slave/m-rel-w32-00000000000000000000/build/src/ipc/glue/MessageChannel.cpp, line 2056
1482151644955	geckodriver	INFO	Listening on 127.0.0.1:9793
1482151646953	mozprofile::profile	INFO	Using profile path C:\Users\ADMINI~1\AppData\Local\Temp\rust_mozprofile.bS4GDKMxu1VI
1482151646955	geckodriver::marionette	INFO	Starting browser C:\Program Files (x86)\Mozilla Firefox\firefox.exe
1482151646962	geckodriver::marionette	INFO	Connecting to Marionette on localhost:9817
1482151649051	Marionette	INFO	Listening on port 9817
[Child 25196] ###!!! ABORT: Aborting on channel error.: file c:/builds/moz2_slave/m-rel-w32-00000000000000000000/build/src/ipc/glue/MessageChannel.cpp, line 2056
1482151704164	geckodriver	INFO	Listening on 127.0.0.1:10451
1482151706160	mozprofile::profile	INFO	Using profile path C:\Users\ADMINI~1\AppData\Local\Temp\rust_mozprofile.1kgfkbdRm2K5
1482151706162	geckodriver::marionette	INFO	Starting browser C:\Program Files (x86)\Mozilla Firefox\firefox.exe
1482151706169	geckodriver::marionette	INFO	Connecting to Marionette on localhost:10474
1482151710208	Marionette	INFO	Listening on port 10474
[Child 16268] ###!!! ABORT: Aborting on channel error.: file c:/builds/moz2_slave/m-rel-w32-00000000000000000000/build/src/ipc/glue/MessageChannel.cpp, line 2056
1482151757260	geckodriver	INFO	Listening on 127.0.0.1:11037
1482151759257	mozprofile::profile	INFO	Using profile path C:\Users\ADMINI~1\AppData\Local\Temp\rust_mozprofile.B4AUbqf0IwQd
1482151759259	geckodriver::marionette	INFO	Starting browser C:\Program Files (x86)\Mozilla Firefox\firefox.exe
1482151759267	geckodriver::marionette	INFO	Connecting to Marionette on localhost:11068
1482151762157	Marionette	INFO	Listening on port 11068
[Child 22160] ###!!! ABORT: Aborting on channel error.: file c:/builds/moz2_slave/m-rel-w32-00000000000000000000/build/src/ipc/glue/MessageChannel.cpp, line 2056
1482152161672	geckodriver	INFO	Listening on 127.0.0.1:1347
1482152163668	mozprofile::profile	INFO	Using profile path C:\Users\ADMINI~1\AppData\Local\Temp\rust_mozprofile.6d0TaTJEcntJ
1482152163670	geckodriver::marionette	INFO	Starting browser C:\Program Files (x86)\Mozilla Firefox\firefox.exe
1482152163679	geckodriver::marionette	INFO	Connecting to Marionette on localhost:1372
1482152165463	Marionette	INFO	Listening on port 1372
[Child 26532] ###!!! ABORT: Aborting on channel error.: file c:/builds/moz2_slave/m-rel-w32-00000000000000000000/build/src/ipc/glue/MessageChannel.cpp, line 2056
1482152192574	geckodriver	INFO	Listening on 127.0.0.1:1736
1482152194580	mozprofile::profile	INFO	Using profile path C:\Users\ADMINI~1\AppData\Local\Temp\rust_mozprofile.4H46FOL3nAhR
1482152194583	geckodriver::marionette	INFO	Starting browser C:\Program Files (x86)\Mozilla Firefox\firefox.exe
1482152194590	geckodriver::marionette	INFO	Connecting to Marionette on localhost:1762
1482152197295	Marionette	INFO	Listening on port 1762
[Child 20916] ###!!! ABORT: Aborting on channel error.: file c:/builds/moz2_slave/m-rel-w32-00000000000000000000/build/src/ipc/glue/MessageChannel.cpp, line 2056
1482152600258	geckodriver	INFO	Listening on 127.0.0.1:6083
1482152602276	mozprofile::profile	INFO	Using profile path C:\Users\ADMINI~1\AppData\Local\Temp\rust_mozprofile.WEaqEWLqEJA6
1482152602278	geckodriver::marionette	INFO	Starting browser C:\Program Files (x86)\Mozilla Firefox\firefox.exe
1482152602287	geckodriver::marionette	INFO	Connecting to Marionette on localhost:6100
1482152605268	Marionette	INFO	Listening on port 6100
[Child 11164] ###!!! ABORT: Aborting on channel error.: file c:/builds/moz2_slave/m-rel-w32-00000000000000000000/build/src/ipc/glue/MessageChannel.cpp, line 2056
1482152745159	geckodriver	INFO	Listening on 127.0.0.1:7534
1482152747175	mozprofile::profile	INFO	Using profile path C:\Users\ADMINI~1\AppData\Local\Temp\rust_mozprofile.vvMbRPhyblup
1482152747177	geckodriver::marionette	INFO	Starting browser C:\Program Files (x86)\Mozilla Firefox\firefox.exe
1482152747187	geckodriver::marionette	INFO	Connecting to Marionette on localhost:7560
1482152749230	Marionette	INFO	Listening on port 7560
[Child 30292] ###!!! ABORT: Aborting on channel error.: file c:/builds/moz2_slave/m-rel-w32-00000000000000000000/build/src/ipc/glue/MessageChannel.cpp, line 2056
1482152821867	geckodriver	INFO	Listening on 127.0.0.1:8343
1482152823864	mozprofile::profile	INFO	Using profile path C:\Users\ADMINI~1\AppData\Local\Temp\rust_mozprofile.uRLp6wsR9vAM
1482152823866	geckodriver::marionette	INFO	Starting browser C:\Program Files (x86)\Mozilla Firefox\firefox.exe
1482152823874	geckodriver::marionette	INFO	Connecting to Marionette on localhost:8368
1482152826620	Marionette	INFO	Listening on port 8368
[Child 17036] ###!!! ABORT: Aborting on channel error.: file c:/builds/moz2_slave/m-rel-w32-00000000000000000000/build/src/ipc/glue/MessageChannel.cpp, line 2056
1482153106673	geckodriver	INFO	Listening on 127.0.0.1:11419
1482153108671	mozprofile::profile	INFO	Using profile path C:\Users\ADMINI~1\AppData\Local\Temp\rust_mozprofile.9vHVB7F9bNcC
1482153108674	geckodriver::marionette	INFO	Starting browser C:\Program Files (x86)\Mozilla Firefox\firefox.exe
1482153108682	geckodriver::marionette	INFO	Connecting to Marionette on localhost:11445
1482153111970	Marionette	INFO	Listening on port 11445
[Child 24960] ###!!! ABORT: Aborting on channel error.: file c:/builds/moz2_slave/m-rel-w32-00000000000000000000/build/src/ipc/glue/MessageChannel.cpp, line 2056
1482153135545	geckodriver	INFO	Listening on 127.0.0.1:11798
1482153137553	mozprofile::profile	INFO	Using profile path C:\Users\ADMINI~1\AppData\Local\Temp\rust_mozprofile.lIAarSzJO0kb
1482153137558	geckodriver::marionette	INFO	Starting browser C:\Program Files (x86)\Mozilla Firefox\firefox.exe
1482153137568	geckodriver::marionette	INFO	Connecting to Marionette on localhost:11831
1482153140378	Marionette	INFO	Listening on port 11831
[Child 8256] ###!!! ABORT: Aborting on channel error.: file c:/builds/moz2_slave/m-rel-w32-00000000000000000000/build/src/ipc/glue/MessageChannel.cpp, line 2056
1482153436165	geckodriver	INFO	Listening on 127.0.0.1:1767
1482153438098	mozprofile::profile	INFO	Using profile path C:\Users\ADMINI~1\AppData\Local\Temp\rust_mozprofile.gHu0Pfo3OXsr
1482153438100	geckodriver::marionette	INFO	Starting browser C:\Program Files (x86)\Mozilla Firefox\firefox.exe
1482153438108	geckodriver::marionette	INFO	Connecting to Marionette on localhost:1794
1482153441488	Marionette	INFO	Listening on port 1794
[Child 2392] ###!!! ABORT: Aborting on channel error.: file c:/builds/moz2_slave/m-rel-w32-00000000000000000000/build/src/ipc/glue/MessageChannel.cpp, line 2056
1482200623482	geckodriver	INFO	Listening on 127.0.0.1:4909
1482200625601	mozprofile::profile	INFO	Using profile path C:\Users\ADMINI~1\AppData\Local\Temp\rust_mozprofile.rx2SlM3pRXqo
1482200625603	geckodriver::marionette	INFO	Starting browser C:\Program Files (x86)\Mozilla Firefox\firefox.exe
1482200625632	geckodriver::marionette	INFO	Connecting to Marionette on localhost:4942
1482200654164	Marionette	INFO	Listening on port 4942
[Child 27960] ###!!! ABORT: Aborting on channel error.: file c:/builds/moz2_slave/m-rel-w32-00000000000000000000/build/src/ipc/glue/MessageChannel.cpp, line 2056
